<?xml version="1.0" encoding="UTF-8"?>
<testng-results skipped="0" failed="0" ignored="0" total="1" passed="1">
  <reporter-output>
  </reporter-output>
  <suite name="Default suite" duration-ms="67046" started-at="2021-01-08T12:24:50Z" finished-at="2021-01-08T12:25:57Z">
    <groups>
    </groups>
    <test name="Default test" duration-ms="67046" started-at="2021-01-08T12:24:50Z" finished-at="2021-01-08T12:25:57Z">
      <class name="test.Calendar">
        <test-method status="PASS" signature="startbrowser()[pri:0, instance:test.Calendar@4667ae56]" name="startbrowser" is-config="true" duration-ms="6844" started-at="2021-01-08T12:24:50Z" finished-at="2021-01-08T12:24:57Z">
          <reporter-output>
          </reporter-output>
        </test-method> <!-- startbrowser -->
        <test-method status="PASS" signature="test()[pri:0, instance:test.Calendar@4667ae56]" name="test" duration-ms="60048" started-at="2021-01-08T12:24:57Z" finished-at="2021-01-08T12:25:57Z">
          <reporter-output>
          </reporter-output>
        </test-method> <!-- test -->
      </class> <!-- test.Calendar -->
    </test> <!-- Default test -->
  </suite> <!-- Default suite -->
</testng-results>
